<?xml version="1.0" encoding="UTF-8"?>
<!-- Generated by org.testng.reporters.JUnitReportReporter -->
<testsuite hostname="AbdrahamanesMBP.lan" failures="0" tests="1" name="QAlity.ExtentReport.ExtentReportDemo" time="6.690" errors="0" timestamp="2024-10-11T12:34:11 EDT" skipped="0">
  <testcase classname="QAlity.ExtentReport.ExtentReportDemo" name="initialDemo" time="6.690"/>
  <system-out/>
</testsuite> <!-- QAlity.ExtentReport.ExtentReportDemo -->
